[debug] [2021-11-27T07:18:41.810Z] ----------------------------------------------------------------------
[debug] [2021-11-27T07:18:41.814Z] Command:       C:\Program Files\nodejs\node.exe C:\Users\Tuhin Hasan\AppData\Roaming\npm\node_modules\firebase-tools\lib\bin\firebase.js init
[debug] [2021-11-27T07:18:41.814Z] CLI Version:   9.23.0
[debug] [2021-11-27T07:18:41.815Z] Platform:      win32
[debug] [2021-11-27T07:18:41.815Z] Node Version:  v16.13.0
[debug] [2021-11-27T07:18:41.816Z] Time:          Sat Nov 27 2021 13:18:41 GMT+0600 (Bangladesh Standard Time)
[debug] [2021-11-27T07:18:41.816Z] ----------------------------------------------------------------------
[debug] 
[debug] [2021-11-27T07:18:41.827Z] > command requires scopes: ["email","openid","https://www.googleapis.com/auth/cloudplatformprojects.readonly","https://www.googleapis.com/auth/firebase","https://www.googleapis.com/auth/cloud-platform"]
[debug] [2021-11-27T07:18:41.828Z] > authorizing via signed-in user (tuhin.tuheen@gmail.com)
[info] 
     ######## #### ########  ######## ########     ###     ######  ########
     ##        ##  ##     ## ##       ##     ##  ##   ##  ##       ##
     ######    ##  ########  ######   ########  #########  ######  ######
     ##        ##  ##    ##  ##       ##     ## ##     ##       ## ##
     ##       #### ##     ## ######## ########  ##     ##  ######  ########

You're about to initialize a Firebase project in this directory:

  C:\ProjectNew\assignment12-server

Before we get started, keep in mind:

  * You are currently outside your home directory

